{
  "RSpec": {
    "coverage": {
      "C:/Users/A7med/Desktop/RubyFirstApp/App1/app/helpers/application_helper.rb": [
        1,
        null
      ],
      "C:/Users/A7med/Desktop/RubyFirstApp/App1/app/helpers/static_pages_helper.rb": [
        1,
        null
      ],
      "C:/Users/A7med/Desktop/RubyFirstApp/App1/app/controllers/static_pages_controller.rb": [
        1,
        1,
        null,
        null,
        1,
        null,
        null,
        1,
        null,
        null,
        1,
        null,
        null
      ],
      "C:/Users/A7med/Desktop/RubyFirstApp/App1/app/controllers/application_controller.rb": [
        1,
        null,
        null,
        1,
        null
      ]
    },
    "timestamp": 1404987422
  }
}
